0 info it worked if it ends with ok
1 verbose cli [ 'C:\\Program Files\\nodejs\\\\node.exe',
1 verbose cli   'C:\\Program Files\\nodejs\\node_modules\\npm\\bin\\npm-cli.js',
1 verbose cli   'install',
1 verbose cli   'polyserve',
1 verbose cli   '-g' ]
2 info using npm@1.4.21
3 info using node@v0.10.30
4 verbose node symlink C:\Program Files\nodejs\\node.exe
5 verbose cache add [ 'polyserve', null ]
6 verbose cache add name=undefined spec="polyserve" args=["polyserve",null]
7 verbose parsed url { protocol: null,
7 verbose parsed url   slashes: null,
7 verbose parsed url   auth: null,
7 verbose parsed url   host: null,
7 verbose parsed url   port: null,
7 verbose parsed url   hostname: null,
7 verbose parsed url   hash: null,
7 verbose parsed url   search: null,
7 verbose parsed url   query: null,
7 verbose parsed url   pathname: 'polyserve',
7 verbose parsed url   path: 'polyserve',
7 verbose parsed url   href: 'polyserve' }
8 silly lockFile 002b2ef5-polyserve polyserve
9 verbose lock polyserve C:\Users\Huaca\AppData\Roaming\npm-cache\002b2ef5-polyserve.lock
10 silly lockFile 002b2ef5-polyserve polyserve
11 silly lockFile 002b2ef5-polyserve polyserve
12 verbose addNamed [ 'polyserve', '' ]
13 verbose addNamed [ null, '*' ]
14 silly lockFile 1bfcb230-polyserve polyserve@
15 verbose lock polyserve@ C:\Users\Huaca\AppData\Roaming\npm-cache\1bfcb230-polyserve.lock
16 silly addNameRange { name: 'polyserve', range: '*', hasData: false }
17 verbose request where is /polyserve
18 verbose request registry https://registry.npmjs.org/
19 verbose request id 9da500352ea74d13
20 verbose url raw /polyserve
21 verbose url resolving [ 'https://registry.npmjs.org/', './polyserve' ]
22 verbose url resolved https://registry.npmjs.org/polyserve
23 verbose request where is https://registry.npmjs.org/polyserve
24 info trying registry request attempt 1 at 23:26:37
25 http GET https://registry.npmjs.org/polyserve
26 info retry will retry, error on last attempt: Error: connect ETIMEDOUT
27 info trying registry request attempt 2 at 23:27:08
28 http GET https://registry.npmjs.org/polyserve
29 info retry will retry, error on last attempt: Error: connect ETIMEDOUT
30 info trying registry request attempt 3 at 23:28:29
31 http GET https://registry.npmjs.org/polyserve
32 silly lockFile 1bfcb230-polyserve polyserve@
33 silly lockFile 1bfcb230-polyserve polyserve@
34 error network connect ETIMEDOUT
34 error network This is most likely not a problem with npm itself
34 error network and is related to network connectivity.
34 error network In most cases you are behind a proxy or have bad network settings.
34 error network
34 error network If you are behind a proxy, please make sure that the
34 error network 'proxy' config is set properly.  See: 'npm help config'
35 error System Windows_NT 6.2.9200
36 error command "C:\\Program Files\\nodejs\\\\node.exe" "C:\\Program Files\\nodejs\\node_modules\\npm\\bin\\npm-cli.js" "install" "polyserve" "-g"
37 error cwd C:\xampp\htdocs\invaf\vainilla
38 error node -v v0.10.30
39 error npm -v 1.4.21
40 error syscall connect
41 error code ETIMEDOUT
42 error errno ETIMEDOUT
43 verbose exit [ 1, true ]
